<?xml version="1.0" encoding="UTF-8" standalone="no"?>
<!DOCTYPE log SYSTEM "logger.dtd">
<log>
</log>
onfiguration : spring.jpa.open-in-view is enabled by default. Therefore, database queries may be performed during view rendering. Explicitly configure spring.jpa.open-in-view to disable this warning
2024-06-02T12:35:49.795+03:00  INFO 38848 --- [PA_Project] [restartedMain] o.s.b.a.w.s.WelcomePageHandlerMapping    : Adding welcome page template: index
2024-06-02T12:35:50.186+03:00  INFO 38848 --- [PA_Project] [restartedMain] o.s.b.a.e.web.EndpointLinksResolver      : Exposing 1 endpoint beneath base path '/actuator'
2024-06-02T12:35:50.297+03:00  INFO 38848 --- [PA_Project] [restartedMain] o.s.s.web.DefaultSecurityFilterChain     : Will secure any request with [org.springframework.security.web.session.DisableEncodeUrlFilter@1068c00d, org.springframework.security.web.context.request.async.WebAsyncManagerIntegrationFilter@402f968e, org.springframework.security.web.context.SecurityContextHolderFilter@54d1787a, org.springframework.security.web.header.HeaderWriterFilter@320276d1, org.springframework.web.filter.CorsFilter@7a36a0aa, org.springframework.security.web.authentication.logout.LogoutFilter@4e9c8125, org.example.pa_project.security.JwtAuthenticationFilter@74e793a, org.springframework.security.web.savedrequest.RequestCacheAwareFilter@36812580, org.springframework.security.web.servletapi.SecurityContextHolderAwareRequestFilter@29e77a69, org.springframework.security.web.authentication.AnonymousAuthenticationFilter@1757593, org.springframework.security.web.session.SessionManagementFilter@580c522b, org.springframework.security.web.access.ExceptionTranslationFilter@4fc29f70, org.springframework.security.web.access.intercept.AuthorizationFilter@737b8a9f]
2024-06-02T12:35:50.928+03:00  INFO 38848 --- [PA_Project] [restartedMain] o.s.b.d.a.OptionalLiveReloadServer       : LiveReload server is running on port 35729
2024-06-02T12:35:50.996+03:00  INFO 38848 --- [PA_Project] [restartedMain] o.s.b.w.embedded.tomcat.TomcatWebServer  : Tomcat started on port 8081 (http) with context path '/'
2024-06-02T12:35:50.998+03:00  INFO 38848 --- [PA_Project] [restartedMain] o.s.m.s.b.SimpleBrokerMessageHandler     : Starting...
2024-06-02T12:35:50.998+03:00  INFO 38848 --- [PA_Project] [restartedMain] o.s.m.s.b.SimpleBrokerMessageHandler     : BrokerAvailabilityEvent[available=true, SimpleBrokerMessageHandler [org.springframework.messaging.simp.broker.DefaultSubscriptionRegistry@365722fe]]
2024-06-02T12:35:50.998+03:00  INFO 38848 --- [PA_Project] [restartedMain] o.s.m.s.b.SimpleBrokerMessageHandler     : Started.
2024-06-02T12:35:51.013+03:00  INFO 38848 --- [PA_Project] [restartedMain] o.e.pa_project.PaProjectApplication      : Started PaProjectApplication in 7.597 seconds (process running for 8.465)
2024-06-02T12:35:51.185+03:00  INFO 38848 --- [PA_Project] [RMI TCP Connection(2)-192.168.0.123] o.a.c.c.C.[Tomcat].[localhost].[/]       : Initializing Spring DispatcherServlet 'dispatcherServlet'
2024-06-02T12:35:51.185+03:00  INFO 38848 --- [PA_Project] [RMI TCP Connection(2)-192.168.0.123] o.s.web.servlet.DispatcherServlet        : Initializing Servlet 'dispatcherServlet'
2024-06-02T12:35:51.189+03:00  INFO 38848 --- [PA_Project] [RMI TCP Connection(2)-192.168.0.123] o.s.web.servlet.DispatcherServlet        : Completed initialization in 4 ms
2024-06-02T12:35:52.569+03:00  INFO 38848 --- [PA_Project] [http-nio-8081-exec-1] o.e.p.Logs.RequestLoggingFilter          : Received request: GET / from 0:0:0:0:0:0:0:1
2024-06-02T12:35:52.787+03:00  INFO 38848 --- [PA_Project] [http-nio-8081-exec-5] o.e.p.Logs.RequestLoggingFilter          : Received request: GET /styles/base.css from 0:0:0:0:0:0:0:1
2024-06-02T12:35:52.787+03:00  INFO 38848 --- [PA_Project] [http-nio-8081-exec-7] o.e.p.Logs.RequestLoggingFilter          : Received request: GET /images/new_logo_white.svg from 0:0:0:0:0:0:0:1
2024-06-02T12:35:52.787+03:00  INFO 38848 --- [PA_Project] [http-nio-8081-exec-3] o.e.p.Logs.RequestLoggingFilter          : Received request: GET /styles/nav.css from 0:0:0:0:0:0:0:1
2024-06-02T12:35:52.787+03:00  INFO 38848 --- [PA_Project] [http-nio-8081-exec-2] o.e.p.Logs.RequestLoggingFilter          : Received request: GET /styles/home.css from 0:0:0:0:0:0:0:1
2024-06-02T12:35:52.787+03:00  INFO 38848 --- [PA_Project] [http-nio-8081-exec-4] o.e.p.Logs.RequestLoggingFilter          : Received request: GET /styles/footer.css from 0:0:0:0:0:0:0:1
2024-06-02T12:35:52.787+03:00  INFO 38848 --- [PA_Project] [http-nio-8081-exec-6] o.e.p.Logs.RequestLoggingFilter          : Received request: GET /scripts/nav.js from 0:0:0:0:0:0:0:1
2024-06-02T12:35:52.807+03:00  INFO 38848 --- [PA_Project] [http-nio-8081-exec-8] o.e.p.Logs.RequestLoggingFilter          : Received request: GET /scripts/verify-active-user.js from 0:0:0:0:0:0:0:1
2024-06-02T12:35:52.817+03:00  INFO 38848 --- [PA_Project] [http-nio-8081-exec-9] o.e.p.Logs.RequestLoggingFilter          : Received request: GET /images/background.svg from 0:0:0:0:0:0:0:1
2024-06-02T12:36:07.255+03:00  INFO 38848 --- [PA_Project] [http-nio-8081-exec-1] o.e.p.Logs.RequestLoggingFilter          : Received request: GET /login.html from 0:0:0:0:0:0:0:1
2024-06-02T12:36:07.287+03:00  INFO 38848 --- [PA_Project] [http-nio-8081-exec-3] o.e.p.Logs.RequestLoggingFilter          : Received request: GET /images/new_logo_white.svg from 0:0:0:0:0:0:0:1
2024-06-02T12:36:07.287+03:00  INFO 38848 --- [PA_Project] [http-nio-8081-exec-5] o.e.p.Logs.RequestLoggingFilter          : Received request: GET /styles/login.css from 0:0:0:0:0:0:0:1
2024-06-02T12:36:07.287+03:00  INFO 38848 --- [PA_Project] [http-nio-8081-exec-4] o.e.p.Logs.RequestLoggingFilter          : Received request: GET /styles/nav.css from 0:0:0:0:0:0:0:1
2024-06-02T12:36:07.287+03:00  INFO 38848 --- [PA_Project] [http-nio-8081-exec-7] o.e.p.Logs.RequestLoggingFilter          : Received request: GET /styles/base.css from 0:0:0:0:0:0:0:1
2024-06-02T12:36:07.287+03:00  INFO 38848 --- [PA_Project] [http-nio-8081-exec-6] o.e.p.Logs.RequestLoggingFilter          : Received request: GET /scripts/send-login-form.js from 0:0:0:0:0:0:0:1
2024-06-02T12:36:07.287+03:00  INFO 38848 --- [PA_Project] [http-nio-8081-exec-2] o.e.p.Logs.RequestLoggingFilter          : Received request: GET /styles/footer.css from 0:0:0:0:0:0:0:1
2024-06-02T12:36:07.296+03:00  INFO 38848 --- [PA_Project] [http-nio-8081-exec-8] o.e.p.Logs.RequestLoggingFilter          : Received request: GET /scripts/nav.js from 0:0:0:0:0:0:0:1
2024-06-02T12:36:07.296+03:00  INFO 38848 --- [PA_Project] [http-nio-8081-exec-9] o.e.p.Logs.RequestLoggingFilter          : Received request: GET /scripts/verify-active-user.js from 0:0:0:0:0:0:0:1
2024-06-02T12:36:07.305+03:00  INFO 38848 --- [PA_Project] [http-nio-8081-exec-10] o.e.p.Logs.RequestLoggingFilter          : Received request: GET /images/background.svg from 0:0:0:0:0:0:0:1
2024-06-02T12:36:08.270+03:00  INFO 38848 --- [PA_Project] [http-nio-8081-exec-7] o.e.p.Logs.RequestLoggingFilter          : Received request: GET /signup.html from 0:0:0:0:0:0:0:1
2024-06-02T12:36:08.307+03:00  INFO 38848 --- [PA_Project] [http-nio-8081-exec-6] o.e.p.Logs.RequestLoggingFilter          : Received request: GET /styles/footer.css from 0:0:0:0:0:0:0:1
2024-06-02T12:36:08.307+03:00  INFO 38848 --- [PA_Project] [http-nio-8081-exec-3] o.e.p.Logs.RequestLoggingFilter          : Received request: GET /styles/base.css from 0:0:0:0:0:0:0:1
2024-06-02T12:36:08.307+03:00  INFO 38848 --- [PA_Project] [http-nio-8081-exec-2] o.e.p.Logs.RequestLoggingFilter          : Received request: GET /styles/signup.css from 0:0:0:0:0:0:0:1
2024-06-02T12:36:08.307+03:00  INFO 38848 --- [PA_Project] [http-nio-8081-exec-5] o.e.p.Logs.RequestLoggingFilter          : Received request: GET /images/new_logo_white.svg from 0:0:0:0:0:0:0:1
2024-06-02T12:36:08.307+03:00  INFO 38848 --- [PA_Project] [http-nio-8081-exec-4] o.e.p.Logs.RequestLoggingFilter          : Received request: GET /styles/nav.css from 0:0:0:0:0:0:0:1
2024-06-02T12:36:08.307+03:00  INFO 38848 --- [PA_Project] [http-nio-8081-exec-9] o.e.p.Logs.RequestLoggingFilter          : Received request: GET /scripts/send-signup-form.js from 0:0:0:0:0:0:0:1
2024-06-02T12:36:08.316+03:00  INFO 38848 --- [PA_Project] [http-nio-8081-exec-10] o.e.p.Logs.RequestLoggingFilter          : Received request: GET /scripts/verify-active-user.js from 0:0:0:0:0:0:0:1
2024-06-02T12:36:08.316+03:00  INFO 38848 --- [PA_Project] [http-nio-8081-exec-8] o.e.p.Logs.RequestLoggingFilter          : Received request: GET /scripts/nav.js from 0:0:0:0:0:0:0:1
2024-06-02T12:36:08.323+03:00  INFO 38848 --- [PA_Project] [http-nio-8081-exec-1] o.e.p.Logs.RequestLoggingFilter          : Received request: GET /images/background.svg from 0:0:0:0:0:0:0:1
2024-06-02T12:36:32.146+03:00  INFO 38848 --- [PA_Project] [http-nio-8081-exec-2] o.e.p.Logs.RequestLoggingFilter          : Received request: POST /register from 0:0:0:0:0:0:0:1
2024-06-02T12:36:32.294+03:00 DEBUG 38848 --- [PA_Project] [http-nio-8081-exec-2] org.hibernate.SQL                        : insert into users (password,username) values (?,?)
2024-06-02T12:36:34.463+03:00  INFO 38848 --- [PA_Project] [http-nio-8081-exec-4] o.e.p.Logs.RequestLoggingFilter          : Received request: GET / from 0:0:0:0:0:0:0:1
2024-06-02T12:36:34.492+03:00  INFO 38848 --- [PA_Project] [http-nio-8081-exec-5] o.e.p.Logs.RequestLoggingFilter          : Received request: GET /styles/home.css from 0:0:0:0:0:0:0:1
2024-06-02T12:36:34.492+03:00  INFO 38848 --- [PA_Project] [http-nio-8081-exec-10] o.e.p.Logs.RequestLoggingFilter          : Received request: GET /images/new_logo_white.svg from 0:0:0:0:0:0:0:1
2024-06-02T12:36:34.492+03:00  INFO 38848 --- [PA_Project] [http-nio-8081-exec-3] o.e.p.Logs.RequestLoggingFilter          : Received request: GET /styles/base.css from 0:0:0:0:0:0:0:1
2024-06-02T12:36:34.492+03:00  INFO 38848 --- [PA_Project] [http-nio-8081-exec-9] o.e.p.Logs.RequestLoggingFilter          : Received request: GET /styles/nav.css from 0:0:0:0:0:0:0:1
2024-06-02T12:36:34.492+03:00  INFO 38848 --- [PA_Project] [http-nio-8081-exec-8] o.e.p.Logs.RequestLoggingFilter          : Received request: GET /scripts/nav.js from 0:0:0:0:0:0:0:1
2024-06-02T12:36:34.492+03:00  INFO 38848 --- [PA_Project] [http-nio-8081-exec-6] o.e.p.Logs.RequestLoggingFilter          : Received request: GET /styles/footer.css from 0:0:0:0:0:0:0:1
2024-06-02T12:36:34.499+03:00  INFO 38848 --- [PA_Project] [http-nio-8081-exec-1] o.e.p.Logs.RequestLoggingFilter          : Received request: GET /scripts/verify-active-user.js from 0:0:0:0:0:0:0:1
2024-06-02T12:36:34.508+03:00  INFO 38848 --- [PA_Project] [http-nio-8081-exec-7] o.e.p.Logs.RequestLoggingFilter          : Received request: GET /images/background.svg from 0:0:0:0:0:0:0:1
2024-06-02T12:36:50.952+03:00  INFO 38848 --- [PA_Project] [MessageBroker-1] o.s.w.s.c.WebSocketMessageBrokerStats    : WebSocketSession[0 current WS(0)-HttpStream(0)-HttpPoll(0), 0 total, 0 closed abnormally (0 connect failure, 0 send limit, 0 transport error)], stompSubProtocol[processed CONNECT(0)-CONNECTED(0)-DISCONNECT(0)], stompBrokerRelay[null], inboundChannel[pool size = 0, active threads = 0, queued tasks = 0, completed tasks = 0], outboundChannel[pool size = 0, active threads = 0, queued tasks = 0, completed tasks = 0], sockJsScheduler[pool size = 1, active threads = 1, queued tasks = 0, completed tasks = 0]
2024-06-02T12:37:07.153+03:00  INFO 38848 --- [PA_Project] [SpringApplicationShutdownHook] o.s.m.s.b.SimpleBrokerMessageHandler     : Stopping...
2024-06-02T12:37:07.153+03:00  INFO 38848 --- [PA_Project] [SpringApplicationShutdownHook] o.s.m.s.b.SimpleBrokerMessageHandler     : BrokerAvailabilityEvent[available=false, SimpleBrokerMessageHandler [org.springframework.messaging.simp.broker.DefaultSubscriptionRegistry@365722fe]]
2024-06-02T12:37:07.153+03:00  INFO 38848 --- [PA_Project] [SpringApplicationShutdownHook] o.s.m.s.b.SimpleBrokerMessageHandler     : Stopped.
2024-06-02T12:37:07.164+03:00  INFO 38848 --- [PA_Project] [SpringApplicationShutdownHook] j.LocalContainerEntityManagerFactoryBean : Closing JPA EntityManagerFactory for persistence unit 'default'
2024-06-02T12:37:07.167+03:00  INFO 38848 --- [PA_Project] [SpringApplicationShutdownHook] com.zaxxer.hikari.HikariDataSource       : HikariPool-1 - Shutdown initiated...
2024-06-02T12:37:07.175+03:00  INFO 38848 --- [PA_Project] [SpringApplicationShutdownHook] com.zaxxer.hikari.HikariDataSource       : HikariPool-1 - Shutdown completed.
